 MOST CPU v2.6.1  2023-11-06  16:24:06
 Revision: 3487
 Rev URL: http://makai/svn/TModel/2DRunUp/MOST2/release/2.6.1
 Modifications, mod1:  F  mod2:  F
 Site:  sim
 Input prefix:  proj_
 Input Directory:  ./
 Read Computational parameters from run directory: ./most3_facts_nc.in
  Minimum amplitude of input offshore wave (m):   5.0000000000000003E-002
  Input minimum depth for offshore (m):    1.0000000000000000     
  Input "dry land" depth for inundation (m):   0.10000000000000001     
  Input friction coefficient (n**2):    8.9999999999999998E-004
  Input runup switch (0 - runup only in gridC, 1 - runupin all grids):            1
  Max allowed eta (m):    400.00000000000000     
  Input time step (sec):   0.20000000000000001     
  Input amount of steps:        10000
  Compute "A" arrays every n-th time step, n=           4
  Compute "B" arrays every n-th time step, n=           2
  Input number of steps between snapshots (should be a multiple of A,B and C time steps) :           40
  ...Starting from:            0
  ...Saving grid every n-th node, n=           1
 Reading Bathymetry
   1-ST LEVEL:
  Bathymetry: /home/sylfest/projects/greenl_2023//data/most/ABC/A_d2_geo.most
 Reading MOST formatted bathymetry file
 ...image-format bathy file (latitude decreasing)
 Eliminating one-node islands...
  Number of points affected:           15
  
   WARNING: computational grid being adjusted!
   Writing 1-node eliminated bathy file: /home/sylfest/projects/greenl_2023//data/most/ABC/A_d2_geo.most.1nod                                                    
  
   2-ND LEVEL:
  Bathymetry: /home/sylfest/projects/greenl_2023//data/most/ABC/B_d2_geo.most
 Reading MOST formatted bathymetry file
 ...image-format bathy file (latitude decreasing)
 Eliminating one-node islands...
  Number of points affected:            5
  
   WARNING: computational grid being adjusted!
   Writing 1-node eliminated bathy file: /home/sylfest/projects/greenl_2023//data/most/ABC/B_d2_geo.most.1nod                                                    
  
   3-RD LEVEL:
  Bathymetry: /home/sylfest/projects/greenl_2023//data/most/EllaOe/ella_5m_tide_0.7m_geo.most
 Reading MOST formatted bathymetry file
 ...image-format bathy file (latitude decreasing)
 Eliminating one-node islands...
  Number of points affected:          193
  
   WARNING: computational grid being adjusted!
   Writing 1-node eliminated bathy file: /home/sylfest/projects/greenl_2023//data/most/EllaOe/ella_5m_tide_0.7m_geo.most.1nod                                    
  
  DODS URL: /home/sylfest/projects/greenl_2023//sim/gglo/gglo_box_20M/
  output directory:  ./
  Produce/Suppress netCDF output for grids
 A-grid B-grid C-grid Sift-file (default, 1 1 1 0):            1           1           1           1
 Cannot read timeseries locations, not outputting ts
 number of timeseries locations:            0
  Done with input file ./most3_facts_nc.in                                                                                                     
  Input FACTS files:
 zonal U:  /home/sylfest/projects/greenl_2023//sim/gglo/gglo_box_20M/proj_u.nc
 meridial V:  /home/sylfest/projects/greenl_2023//sim/gglo/gglo_box_20M/proj_v.nc
 amplitudes H:  /home/sylfest/projects/greenl_2023//sim/gglo/gglo_box_20M/proj_h.nc
 defmax:    0.0000000000000000     
  no local deformation detected
  
 size of input array:         498         337         633
  Longitude:   314.67674385578124       to   317.40312114627778     
   Latitude:   71.955178506162113       to   72.537904198098545     
       Time:   0.0000000000000000       to   7194.3087768554688     
 Number of inundated points in c-grid:            0
 .
 restart data file: ./sim_restart.nc
 file not found, no restart
 .
 NetCDF array size for grid C:          182         117
 NetCDF array size for grid B:          105          75
 NetCDF array size for grid A:          110          55
creating netCDF output file: ./sim_runup_ha.nc
creating netCDF output file: ./sim_runup_ua.nc
creating netCDF output file: ./sim_runup_va.nc
creating netCDF output file: ./sim_runupB_ha.nc
creating netCDF output file: ./sim_runupB_ua.nc
creating netCDF output file: ./sim_runupB_va.nc
creating netCDF output file: ./sim_runupA_ha.nc
creating netCDF output file: ./sim_runupA_ua.nc
creating netCDF output file: ./sim_runupA_va.nc
creating netCDF output file: ./sim_sift.nc
  netCDF initialization complete
 incoming wave max amp on A-Grid boundary:    1487.6569824218750     
 setting threshold to 1% of max amp:    14.876569491701503     
 input          73  wave detected at   819.60479736328125       amp:   15.585803031921387      cm at    316.52541417147006       ,    72.361005327332137     
 Initial surface is read at t=   819.60479736328125     
Output time step:       10 time:      899.6 sec,     15.0 min,  0.2 hrs,  4.0 % comp
 Max/Min elevation in grid C are:   0.00940642 / -0.00000000
 Max/Min elevation in grid B are:   0.91431917 /  0.00000000
 Max/Min elevation in grid A are:   1.27900077 / -0.00020507
Output time step:       20 time:      979.6 sec,     16.3 min,  0.3 hrs,  8.0 % comp
 Max/Min elevation in grid C are:   0.28987997 / -0.00000000
 Max/Min elevation in grid B are:   2.01064415 /  0.00000000
 Max/Min elevation in grid A are:   2.05798635 / -0.00022328
WARNING: num inundated pts GT  10 at timestep    20
Output time step:       30 time:     1059.6 sec,     17.7 min,  0.3 hrs, 12.0 % comp
 Max/Min elevation in grid C are:   1.68947409 / -0.21309369
 Max/Min elevation in grid B are:   1.96554599 /  0.00000000
 Max/Min elevation in grid A are:   1.98230980 / -0.00021388
Output time step:       40 time:     1139.6 sec,     19.0 min,  0.3 hrs, 16.0 % comp
 Max/Min elevation in grid C are:   2.36216989 /  0.00000000
 Max/Min elevation in grid B are:   1.70581116 / -0.55697062
 Max/Min elevation in grid A are:   1.72669627 / -0.74329135
Output time step:       50 time:     1219.6 sec,     20.3 min,  0.3 hrs, 20.0 % comp
 Max/Min elevation in grid C are:   2.40300000 / -0.80978517
 Max/Min elevation in grid B are:   1.35435393 / -0.96586713
 Max/Min elevation in grid A are:   1.55210368 / -0.93100991
Output time step:       60 time:     1299.6 sec,     21.7 min,  0.4 hrs, 24.0 % comp
 Max/Min elevation in grid C are:   2.40300000 / -1.45358853
 Max/Min elevation in grid B are:   0.99239988 / -0.92116111
 Max/Min elevation in grid A are:   1.46508685 / -0.94481729
Output time step:       70 time:     1379.6 sec,     23.0 min,  0.4 hrs, 28.0 % comp
 Max/Min elevation in grid C are:   2.41182674 / -0.06202171
 Max/Min elevation in grid B are:   1.03620627 / -0.82527876
 Max/Min elevation in grid A are:   1.15837997 / -1.01008004
Output time step:       80 time:     1459.6 sec,     24.3 min,  0.4 hrs, 32.0 % comp
 Max/Min elevation in grid C are:   2.40300000 /  0.00000000
 Max/Min elevation in grid B are:   0.72225094 / -0.23664658
 Max/Min elevation in grid A are:   0.90049970 / -0.88657057
Output time step:       90 time:     1539.6 sec,     25.7 min,  0.4 hrs, 36.0 % comp
 Max/Min elevation in grid C are:   2.41093724 / -1.36180403
 Max/Min elevation in grid B are:   1.21484050 / -0.53984136
 Max/Min elevation in grid A are:   1.65923803 / -0.66097207
Output time step:      100 time:     1619.6 sec,     27.0 min,  0.4 hrs, 40.0 % comp
 Max/Min elevation in grid C are:   2.40300000 / -0.56246053
 Max/Min elevation in grid B are:   1.62727912 / -0.36103091
 Max/Min elevation in grid A are:   2.06791413 / -0.60222354
Output time step:      110 time:     1699.6 sec,     28.3 min,  0.5 hrs, 44.0 % comp
 Max/Min elevation in grid C are:   2.40741113 /  0.00000000
 Max/Min elevation in grid B are:   0.98203199 / -0.80126828
 Max/Min elevation in grid A are:   1.04008323 / -0.64850650
Output time step:      120 time:     1779.6 sec,     29.7 min,  0.5 hrs, 48.0 % comp
 Max/Min elevation in grid C are:   2.40300000 / -0.12476572
 Max/Min elevation in grid B are:   0.59102215 / -1.50743548
 Max/Min elevation in grid A are:   1.35878991 / -1.19561801
Output time step:      130 time:     1859.6 sec,     31.0 min,  0.5 hrs, 52.0 % comp
 Max/Min elevation in grid C are:   2.40787229 / -1.20768268
 Max/Min elevation in grid B are:   0.15786132 / -0.87733016
 Max/Min elevation in grid A are:   0.79855606 / -1.15655858
Output time step:      140 time:     1939.6 sec,     32.3 min,  0.5 hrs, 56.0 % comp
 Max/Min elevation in grid C are:   2.40300000 / -1.08786633
 Max/Min elevation in grid B are:   0.42904069 / -1.10474130
 Max/Min elevation in grid A are:   0.94083362 / -1.10340994
Output time step:      150 time:     2019.6 sec,     33.7 min,  0.6 hrs, 60.0 % comp
 Max/Min elevation in grid C are:   2.40300000 / -1.47470809
 Max/Min elevation in grid B are:   0.45640974 / -0.86198516
 Max/Min elevation in grid A are:   0.48457581 / -1.02444829
Output time step:      160 time:     2099.6 sec,     35.0 min,  0.6 hrs, 64.0 % comp
 Max/Min elevation in grid C are:   2.40300000 / -0.55713210
 Max/Min elevation in grid B are:   0.51318458 / -1.79976710
 Max/Min elevation in grid A are:   0.66201573 / -1.67747763
Output time step:      170 time:     2179.6 sec,     36.3 min,  0.6 hrs, 68.0 % comp
 Max/Min elevation in grid C are:   2.40715932 / -0.24202685
 Max/Min elevation in grid B are:   0.37248102 / -1.13950938
 Max/Min elevation in grid A are:   1.08177245 / -1.03777762
Output time step:      180 time:     2259.6 sec,     37.7 min,  0.6 hrs, 72.0 % comp
 Max/Min elevation in grid C are:   2.40300000 / -0.87422398
 Max/Min elevation in grid B are:   1.36879419 / -1.39351104
 Max/Min elevation in grid A are:   0.83735996 / -1.10366084
Output time step:      190 time:     2339.6 sec,     39.0 min,  0.6 hrs, 76.0 % comp
 Max/Min elevation in grid C are:   2.40331036 / -0.73571140
 Max/Min elevation in grid B are:   0.77721238 / -1.50852186
 Max/Min elevation in grid A are:   1.25948685 / -1.16838406
Output time step:      200 time:     2419.6 sec,     40.3 min,  0.7 hrs, 80.0 % comp
 Max/Min elevation in grid C are:   2.40300000 / -0.67563964
 Max/Min elevation in grid B are:   1.08816889 / -1.37752870
 Max/Min elevation in grid A are:   1.31608145 / -2.07899791
Output time step:      210 time:     2499.6 sec,     41.7 min,  0.7 hrs, 84.0 % comp
 Max/Min elevation in grid C are:   2.40300000 / -0.78838917
 Max/Min elevation in grid B are:   1.09235866 / -1.17072243
 Max/Min elevation in grid A are:   1.35056583 / -1.08282885
Output time step:      220 time:     2579.6 sec,     43.0 min,  0.7 hrs, 88.0 % comp
 Max/Min elevation in grid C are:   2.41678405 / -2.66550450
 Max/Min elevation in grid B are:   1.10233992 / -1.02088268
 Max/Min elevation in grid A are:   1.22745233 / -1.87720927
Output time step:      230 time:     2659.6 sec,     44.3 min,  0.7 hrs, 92.0 % comp
 Max/Min elevation in grid C are:   2.41771220 / -0.24675678
 Max/Min elevation in grid B are:   1.09285535 / -0.93744772
 Max/Min elevation in grid A are:   0.91123193 / -1.83902853
Output time step:      240 time:     2739.6 sec,     45.7 min,  0.8 hrs, 96.0 % comp
 Max/Min elevation in grid C are:   2.41388769 / -0.52534606
 Max/Min elevation in grid B are:   0.78862212 / -1.73941270
 Max/Min elevation in grid A are:   1.66740411 / -1.63627422
Output time step:      250 time:     2819.6 sec,     47.0 min,  0.8 hrs,100.0 % comp
 Max/Min elevation in grid C are:   2.40300000 / -0.59618560
 Max/Min elevation in grid B are:   1.85177803 / -0.92669725
 Max/Min elevation in grid A are:   1.63814455 / -1.55603524
 Total number of inundated points:         1682
  saving restart file
  done saving restart file
  calculating maximums
  saving maximums to _sift.nc
MOST CPU v2.6.1  2023-11-06  16:24:48
  elapsed secs:   39.2824516     , user:   38.5088272     , sys:  0.773622990    
  clock time:          42 secs,    0.699999988      minutes
 Run finished. Exiting normally.
